<?xml version="1.0" encoding="UTF-8"?>
<!-- Generated by org.testng.reporters.JUnitReportReporter -->
<testsuite ignored="0" hostname="pcvates" failures="0" tests="1" name="Utility.Drivers" time="43.107" errors="0" timestamp="18 feb. 2019 20:14:18 GMT" skipped="0">
  <testcase classname="Utility.Drivers" name="MantenedorOP" time="43.107"/>
</testsuite> <!-- Utility.Drivers -->
